[35m[1mConsolidate compiler generated dependencies of target read_write_node[0m
[ 50%] [32mBuilding CXX object CMakeFiles/read_write_node.dir/src/read_write_node.cpp.o[0m
[01m[K/home/rama/ROS/tooru_ros2_ws/src/tooru_dynamixel/src/read_write_node.cpp:5:10:[m[K [01;31m[Kfatal error: [m[KDynamixelSDK/dynamixel_sdk/dynamixel_sdk.h: No such file or directory
    5 | #include [01;31m[K"DynamixelSDK/dynamixel_sdk/dynamixel_sdk.h"[m[K
      |          [01;31m[K^~~~~~~~~~~~~~~~~~~~~~~~~~~~~~~~~~~~~~~~~~~~[m[K
compilation terminated.
gmake[2]: *** [CMakeFiles/read_write_node.dir/build.make:76: CMakeFiles/read_write_node.dir/src/read_write_node.cpp.o] Error 1
gmake[1]: *** [CMakeFiles/Makefile2:137: CMakeFiles/read_write_node.dir/all] Error 2
gmake: *** [Makefile:146: all] Error 2
